<?xml version="1.0" encoding="UTF-8"?>
<testng-results ignored="0" total="1" passed="1" failed="0" skipped="0">
  <reporter-output>
  </reporter-output>
  <suite started-at="2021-02-19T11:46:28 IST" name="Default suite" finished-at="2021-02-19T11:46:45 IST" duration-ms="17315">
    <groups>
    </groups>
    <test started-at="2021-02-19T11:46:28 IST" name="Default test" finished-at="2021-02-19T11:46:45 IST" duration-ms="17315">
      <class name="test_cases.login_tc">
        <test-method is-config="true" signature="start()[pri:0, instance:test_cases.login_tc@21b2e768]" started-at="2021-02-19T11:46:28 IST" name="start" finished-at="2021-02-19T11:46:30 IST" duration-ms="2317" status="PASS">
          <reporter-output>
          </reporter-output>
        </test-method> <!-- start -->
        <test-method signature="logintest()[pri:0, instance:test_cases.login_tc@21b2e768]" started-at="2021-02-19T11:46:30 IST" name="logintest" finished-at="2021-02-19T11:46:44 IST" duration-ms="13721" status="PASS">
          <reporter-output>
          </reporter-output>
        </test-method> <!-- logintest -->
        <test-method is-config="true" signature="stop()[pri:0, instance:test_cases.login_tc@21b2e768]" started-at="2021-02-19T11:46:44 IST" name="stop" finished-at="2021-02-19T11:46:45 IST" duration-ms="1225" status="PASS">
          <reporter-output>
          </reporter-output>
        </test-method> <!-- stop -->
      </class> <!-- test_cases.login_tc -->
    </test> <!-- Default test -->
  </suite> <!-- Default suite -->
</testng-results>
